<?xml version="1.0" encoding="UTF-8"?>
<!-- Generated by org.testng.reporters.JUnitXMLReporter -->
<testsuite hostname="DESKTOP-CFS1HL3" name=" diff test feature" tests="1" failures="0" timestamp="30 Apr 2020 20:34:11 GMT" time="0.059" errors="0">
  <testcase name="@BeforeClass setUpClass" time="0.0" classname="TestRunner.Runner">
    <failure type="java.lang.NoSuchMethodError" message="cucumber.runtime.RuntimeOptionsFactory.&amp;lt;init&amp;gt;(Ljava/lang/Class;)V">
      <![CDATA[java.lang.NoSuchMethodError: cucumber.runtime.RuntimeOptionsFactory.<init>(Ljava/lang/Class;)V
	at cucumber.api.testng.TestNGCucumberRunner.<init>(TestNGCucumberRunner.java:36)
	at TestRunner.Runner.setUpClass(Runner.java:33)
... Removed 28 stack frames]]>
    </failure>
  </testcase> <!-- @BeforeClass setUpClass -->
  <testcase name="@AfterClass tearDownClass" time="0.0" classname="TestRunner.Runner">
    <failure type="java.lang.NullPointerException">
      <![CDATA[java.lang.NullPointerException
	at TestRunner.Runner.tearDownClass(Runner.java:48)
... Removed 28 stack frames]]>
    </failure>
  </testcase> <!-- @AfterClass tearDownClass -->
  <testcase name="feature" time="0.0" classname="TestRunner.Runner">
    <skipped/>
  </testcase> <!-- feature -->
</testsuite> <!--  diff test feature -->
